<?xml version="1.0" encoding="UTF-8"?>
<testng-results ignored="0" total="1" passed="1" failed="0" skipped="0">
  <reporter-output>
  </reporter-output>
  <suite started-at="2024-03-11T16:06:00 GMT" name="Surefire suite" finished-at="2024-03-11T16:06:00 GMT" duration-ms="44">
    <groups>
    </groups>
    <test started-at="2024-03-11T16:06:00 GMT" name="Surefire test" finished-at="2024-03-11T16:06:00 GMT" duration-ms="44">
      <class name="HelloWorld_Maven.TestHelloWorld">
        <test-method signature="testhelloworld()[pri:0, instance:HelloWorld_Maven.TestHelloWorld@5762806e]" started-at="2024-03-11T16:06:00 GMT" name="testhelloworld" finished-at="2024-03-11T16:06:00 GMT" duration-ms="14" status="PASS">
          <reporter-output>
          </reporter-output>
        </test-method> <!-- testhelloworld -->
      </class> <!-- HelloWorld_Maven.TestHelloWorld -->
    </test> <!-- Surefire test -->
  </suite> <!-- Surefire suite -->
</testng-results>
